<?xml version="1.0" encoding="UTF-8"?>
<!-- Generated by org.testng.reporters.JUnitReportReporter -->
<testsuite name="basttestpack.BaseClass" tests="1" time="39.237" ignored="0" failures="0" timestamp="23 Feb 2018 10:29:36 GMT" skipped="0" hostname="infchszd3259" errors="0">
  <testcase name="homepageValidation" time="39.237" classname="basttestpack.BaseClass"/>
</testsuite> <!-- basttestpack.BaseClass -->
